Arguments: 
  E:\myprograms\nodejs\node.exe C:\Users\17273\AppData\Roaming\npm\node_modules\yarn\bin\yarn.js add AutoWebPlugin -D

PATH: 
  C:\Windows\system32;C:\Windows;C:\Windows\System32\Wbem;C:\Windows\System32\WindowsPowerShell\v1.0\;C:\Windows\System32\OpenSSH\;E:\myprograms\Anaconda3\Scripts;E:\myprograms\Git\cmd;E:\myprograms\nodejs\;E:\myprograms\MongoDB\Server\3.2\bin;%MONGODB_HOME%\bin;E:\myprograms\Anaconda3\;E:\myprograms\MATLAB\R2017b\runtime\win64;E:\myprograms\MATLAB\R2017b\bin;C:\Users\17273\AppData\Local\Microsoft\WindowsApps;C:\Users\17273\AppData\Local\Programs\Microsoft VS Code\bin;C:\Program Files\Bandizip\;C:\Users\17273\AppData\Roaming\npm;E:\myprograms\MongoDB\Server\3.2\bin;E:\myprograms\Anaconda3\Library\mingw-w64;;E:\myprograms\驱动精灵\DriverGenius;E:\myprograms\驱动精灵\DriverGenius\ksoft

Yarn version: 
  1.22.10

Node version: 
  14.16.1

Platform: 
  win32 x64

Trace: 
  Error: https://registry.npmjs.org/AutoWebPlugin: Not found
      at Request.params.callback [as _callback] (C:\Users\17273\AppData\Roaming\npm\node_modules\yarn\lib\cli.js:66988:18)
      at Request.self.callback (C:\Users\17273\AppData\Roaming\npm\node_modules\yarn\lib\cli.js:140662:22)
      at Request.emit (events.js:315:20)
      at Request.<anonymous> (C:\Users\17273\AppData\Roaming\npm\node_modules\yarn\lib\cli.js:141634:10)
      at Request.emit (events.js:315:20)
      at IncomingMessage.<anonymous> (C:\Users\17273\AppData\Roaming\npm\node_modules\yarn\lib\cli.js:141556:12)
      at Object.onceWrapper (events.js:421:28)
      at IncomingMessage.emit (events.js:327:22)
      at endReadableNT (internal/streams/readable.js:1327:12)
      at processTicksAndRejections (internal/process/task_queues.js:80:21)

npm manifest: 
  No manifest

yarn manifest: 
  No manifest

Lockfile: 
  No lockfile
